5+5 = 10
5+5+5 = 15
5+5 = 10
5+5 = 10
[20.07.2020 11:55:39] INFO : 5+5 = 10
[20.07.2020 12:01:36] INFO : 5+5 = 10
[21.07.2020 20:34:06] INFO : 5+5 = 10
[21.07.2020 22:22:18] INFO : 5+5 = 10
[21.07.2020 22:25:19] INFO : 5+5*5 = 50
[21.07.2020 22:25:36] INFO : 2+4 = 6
[21.07.2020 22:27:32] INFO : 5+5 = 10
[21.07.2020 22:30:23] INFO : 5+5 = 10
[21.07.2020 22:30:26] INFO : 5+5+5 = 15
[21.07.2020 22:33:09] INFO : 5+5 = 10
[21.07.2020 22:33:12] INFO : 5+5*5 = 30
[21.07.2020 22:33:18] INFO : 5+5*5+5 = 35
[21.07.2020 22:33:26] INFO : 5+5*5+5*5 = 275
[21.07.2020 22:33:34] INFO : 5+5*5+10 = 40
[21.07.2020 22:33:39] INFO : 5+5*5+5*5 = 275
[21.07.2020 22:33:43] INFO : 5+5*5+5*55 = 3025
[21.07.2020 22:33:46] INFO : 5+5*5+5*5+5 = 280
[21.07.2020 22:34:26] INFO : 5+5*5 = 30
[21.07.2020 22:34:33] INFO : 5+5*5+5*5 = 275
[21.07.2020 22:34:42] INFO : 5+5/5 = 6
[21.07.2020 22:35:02] INFO : 5*5+5*5 = 250
[21.07.2020 22:35:46] INFO : 5*5*5*5 = 625
[21.07.2020 22:35:52] INFO : 5*5*5 = 125
[21.07.2020 22:36:41] INFO : 5+5*5 = 30
[21.07.2020 22:36:47] INFO : 5+5*5+5*5 = 375
[21.07.2020 22:43:13] INFO : 5+5 = 10
[21.07.2020 22:48:34] INFO : 5+5 = 10
[21.07.2020 22:52:58] INFO : 5+5 = 10
[21.07.2020 22:54:45] INFO : 5*5 = 0
[21.07.2020 22:54:51] INFO : 5+5*5 = 30
[21.07.2020 22:54:58] INFO : 5+5*5+5*5 = 55
[21.07.2020 22:55:04] INFO : 5 = 0
[21.07.2020 22:55:07] INFO : 5+5 = 10
[21.07.2020 22:55:14] INFO : 5*5+5 = 30
[21.07.2020 22:55:17] INFO : 5*5 = 0
[21.07.2020 22:55:27] INFO : 5/5 = 0
[21.07.2020 22:55:28] INFO : 5/5 = 0
[21.07.2020 22:56:40] INFO : 5*5 = 0
[21.07.2020 22:57:40] INFO : 5*5 = 0
[21.07.2020 22:58:10] INFO : 5*5 = 0
[21.07.2020 22:58:13] INFO : 5*5 = 0
[21.07.2020 22:58:13] INFO : 5*5 = 0
[21.07.2020 22:58:14] INFO : 5*5 = 0
[21.07.2020 22:58:14] INFO : 5*5 = 0
[21.07.2020 22:58:14] INFO : 5*5 = 0
[21.07.2020 22:58:16] INFO : 5*5 = 0
[21.07.2020 22:58:16] INFO : 5*5 = 0
[21.07.2020 22:58:48] INFO : 5*5 = 25
[21.07.2020 22:58:49] INFO : 5*5 = 25
[21.07.2020 22:58:50] INFO : 5*5 = 25
[21.07.2020 22:58:50] INFO : 5*5 = 25
[21.07.2020 22:58:51] INFO : 5*5 = 25
[21.07.2020 23:00:31] INFO : 5*5 = 25
[21.07.2020 23:00:42] INFO : 5*5+5/5*5+5*5 = 25
[21.07.2020 23:00:55] INFO : 5*5+5/5*5 = 1
[21.07.2020 23:00:59] INFO : 5*5+5/5 = 1
[21.07.2020 23:01:10] INFO : 5*5+5*5 = 25
[21.07.2020 23:01:13] INFO : 5*5+5*5/5 = 25
[21.07.2020 23:03:51] INFO : 5+5*5*5 = 150
[21.07.2020 23:04:48] INFO : 5+5*5*5 = 130
[21.07.2020 23:04:59] INFO : 5+5*5*5+5*5/5 = 135
[21.07.2020 23:05:20] INFO : 5+5*5*5 = 130
[21.07.2020 23:05:29] INFO : 5*5 = 25
[21.07.2020 23:05:32] INFO : 5*5+5*5 = 50
[21.07.2020 23:05:35] INFO : 5*5+5*5+5 = 55
[21.07.2020 23:05:39] INFO : 5*5+5*5+5/5*5 = 55
[21.07.2020 23:05:40] INFO : 5*5+5*5+5/5*5 = 55
[21.07.2020 23:05:42] INFO : 5*5+5*5+5/5*5 = 55
[23.07.2020 20:29:40] INFO : 3+3*3*3 = 30
[23.07.2020 20:29:51] INFO : 3+3*3*3*4 = 111
[23.07.2020 20:30:06] INFO : 3+3*3*3*4*3 = 327
[23.07.2020 21:02:46] INFO : 5+5 = 10
[23.07.2020 21:02:50] INFO : 5*5 = 25
[23.07.2020 21:04:11] INFO : 5+5 = 10
[23.07.2020 21:04:14] INFO : 5*5 = 25
[23.07.2020 21:06:01] INFO : 5+5 = 10
[23.07.2020 21:13:00] INFO : 5+6 = 11
[23.07.2020 21:13:04] INFO : 5*5 = 25
[23.07.2020 21:24:57] INFO : 5+(5+5) = 15
[23.07.2020 21:25:32] INFO : 5+(8-5) = 8
[23.07.2020 21:25:41] INFO : 5+(8*5) = 45
[23.07.2020 21:33:43] INFO : 5-(5-2) = -2
[23.07.2020 21:34:01] INFO : 5-(5-3) = -3
[23.07.2020 21:34:15] INFO : 5-(5*8) = -35
[23.07.2020 21:34:28] INFO : 5-(5+5) = 5
[23.07.2020 21:34:37] INFO : 5-(5-5) = -5
[23.07.2020 21:46:02] INFO : 5+5 = 10
[23.07.2020 21:46:07] INFO : 5+5*8 = 45
[23.07.2020 21:46:11] INFO : 5+5*8*8 = 325
[23.07.2020 21:52:40] INFO : 5+(5+5) = 15
[23.07.2020 21:52:51] INFO : 5-(5-8) = -8
[23.07.2020 21:53:09] INFO : 5-(5-9) = -9
[23.07.2020 21:53:24] INFO : 5-(0-9) = -4
[23.07.2020 21:58:52] INFO : 5+5*8*8*8 = 2565
[23.07.2020 21:58:58] INFO : 5+5*1*1 = 10
[24.07.2020 12:30:11] INFO : 5+5 = 10
[24.07.2020 12:30:15] INFO : 5*5 = 25
[24.07.2020 12:32:19] INFO : 5+5 = 10
[24.07.2020 12:54:36] INFO : 5+5 = 10
[24.07.2020 12:54:39] INFO : 5+5*5 = 30
[24.07.2020 12:54:41] INFO : 5+5*5*5 = 130
